<?xml version="1.0" encoding="UTF-8"?>
<!-- Generated by org.testng.reporters.JUnitReportReporter -->
<testsuite skipped="0" hostname="DESKTOP-T8SVG9O" name="com.orangehrm.QAlogin.HRMTEST" tests="1" failures="0" timestamp="2022-12-01T21:50:56 IST" time="15.846" errors="0">
  <testcase name="browserlaunch" time="15.846" classname="com.orangehrm.QAlogin.HRMTEST"/>
  <system-out>
    <![CDATA[logo verification TC is Pass
logingPanel verification TC is Pass]]>
  </system-out>
</testsuite> <!-- com.orangehrm.QAlogin.HRMTEST -->
